Performing C SOURCE FILE Test CMAKE_HAVE_LIBC_PTHREAD failed with the following output:
Change Dir: /home/aurelien/repo/bkc/build/CMakeFiles/CMakeTmp

Run Build Command(s):/usr/bin/gmake cmTC_a9775/fast && /usr/bin/gmake -f CMakeFiles/cmTC_a9775.dir/build.make CMakeFiles/cmTC_a9775.dir/build
gmake[1] : on entre dans le répertoire « /home/aurelien/repo/bkc/build/CMakeFiles/CMakeTmp »
Building C object CMakeFiles/cmTC_a9775.dir/src.c.o
/usr/bin/cc   -DCMAKE_HAVE_LIBC_PTHREAD   -o CMakeFiles/cmTC_a9775.dir/src.c.o   -c /home/aurelien/repo/bkc/build/CMakeFiles/CMakeTmp/src.c
Linking C executable cmTC_a9775
/usr/bin/cmake -E cmake_link_script CMakeFiles/cmTC_a9775.dir/link.txt --verbose=1
/usr/bin/cc  -DCMAKE_HAVE_LIBC_PTHREAD    -rdynamic CMakeFiles/cmTC_a9775.dir/src.c.o  -o cmTC_a9775 
/usr/bin/ld: CMakeFiles/cmTC_a9775.dir/src.c.o: in function `main':
src.c:(.text+0x2d): undefined reference to `pthread_create'
/usr/bin/ld: src.c:(.text+0x39): undefined reference to `pthread_detach'
/usr/bin/ld: src.c:(.text+0x4a): undefined reference to `pthread_join'
collect2: erreur: ld a retourné le statut de sortie 1
gmake[1]: *** [CMakeFiles/cmTC_a9775.dir/build.make:87: cmTC_a9775] Error 1
gmake[1] : on quitte le répertoire « /home/aurelien/repo/bkc/build/CMakeFiles/CMakeTmp »
gmake: *** [Makefile:121: cmTC_a9775/fast] Error 2


Source file was:
#include <pthread.h>

void* test_func(void* data)
{
  return data;
}

int main(void)
{
  pthread_t thread;
  pthread_create(&thread, NULL, test_func, NULL);
  pthread_detach(thread);
  pthread_join(thread, NULL);
  pthread_atfork(NULL, NULL, NULL);
  pthread_exit(NULL);

  return 0;
}

Determining if the function pthread_create exists in the pthreads failed with the following output:
Change Dir: /home/aurelien/repo/bkc/build/CMakeFiles/CMakeTmp

Run Build Command(s):/usr/bin/gmake cmTC_06b58/fast && /usr/bin/gmake -f CMakeFiles/cmTC_06b58.dir/build.make CMakeFiles/cmTC_06b58.dir/build
gmake[1] : on entre dans le répertoire « /home/aurelien/repo/bkc/build/CMakeFiles/CMakeTmp »
Building C object CMakeFiles/cmTC_06b58.dir/CheckFunctionExists.c.o
/usr/bin/cc   -DCHECK_FUNCTION_EXISTS=pthread_create   -o CMakeFiles/cmTC_06b58.dir/CheckFunctionExists.c.o   -c /usr/share/cmake/Modules/CheckFunctionExists.c
Linking C executable cmTC_06b58
/usr/bin/cmake -E cmake_link_script CMakeFiles/cmTC_06b58.dir/link.txt --verbose=1
/usr/bin/cc  -DCHECK_FUNCTION_EXISTS=pthread_create    -rdynamic CMakeFiles/cmTC_06b58.dir/CheckFunctionExists.c.o  -o cmTC_06b58  -lpthreads 
/usr/bin/ld : ne peut trouver -lpthreads
collect2: erreur: ld a retourné le statut de sortie 1
gmake[1]: *** [CMakeFiles/cmTC_06b58.dir/build.make:87: cmTC_06b58] Error 1
gmake[1] : on quitte le répertoire « /home/aurelien/repo/bkc/build/CMakeFiles/CMakeTmp »
gmake: *** [Makefile:121: cmTC_06b58/fast] Error 2



